(0000) 4000  0100000000000000 (   1)                 .ORIG x4000
(4000) E210  1110001000010000 (   3)                 LEA   R1 INTROUNO
(4001) 4805  0100100000000101 (   4)                 JSR   salva
(4002) E213  1110001000010011 (   5)                 LEA   R1 INTRODUE
(4003) 4805  0100100000000101 (   6)                 JSR   salva
(4004) F025  1111000000100101 (   7)                 TRAP  x25
(4005) 1DE0  0001110111100000 (  10) salva           ADD   R6 R7 #0
(4006) 0E07  0000111000000111 (  11)                 BRNZP leggi
(4007) 6040  0110000001000000 (  14) leggi           LDR   R0 R1 #0
(4008) 040C  0000010000001100 (  15)                 BRZ   ripristina
(4009) F021  1111000000100001 (  16)                 TRAP  x21
(400A) 1261  0001001001100001 (  17)                 ADD   R1 R1 #1
(400B) 0E07  0000111000000111 (  18)                 BRNZP leggi
(400C) 1FA0  0001111110100000 (  22) ripristina      ADD   R7 R6 #0
(400D) 5DA0  0101110110100000 (  23)                 AND   R6 R6 #0
(400E) D000  1101000000000000 (  24)                 RET   
(400F) F025  1111000000100101 (  35) fine            TRAP  x25
(4010) 0042  0000000001000010 (  40) INTROUNO        .FILL x0042
(4011) 0065  0000000001100101 (  40)                 .FILL x0065
(4012) 0000  0000000000000000 (  40)                 .FILL x0000
(4013) 0053  0000000001010011 (  41) INTRODUE        .FILL x0053
(4014) 0063  0000000001100011 (  41)                 .FILL x0063
(4015) 0072  0000000001110010 (  41)                 .FILL x0072
(4016) 0000  0000000000000000 (  41)                 .FILL x0000
